Build started 12/03/2016 18:33:20.
     1>Project "E:\Yr3\Physics\PhysX Tutorials\PhysX Tutorials(Ross)\Tutorial 3\Tutorial 3.vcxproj" on node 2 (Build target(s)).
     1>ClCompile:
         C:\Program Files (x86)\Microsoft Visual Studio 14.0\VC\bin\CL.exe /c /I"C:\Program Files (x86)\NVIDIA Corporation\NVIDIA PhysX SDK\3.3.4\include" /I.\Graphics\include\win32 /ZI /nologo /W3 /WX- /sdl /Od /Oy- /D _MBCS /Gm /EHsc /RTC1 /MTd /GS /fp:precise /Zc:wchar_t /Zc:forScope /Zc:inline /Fo"Debug\\" /Fd"Debug\vc140.pdb" /Gd /TP /analyze- /errorReport:prompt Extras\Camera.cpp Extras\GLFontRenderer.cpp Extras\Renderer.cpp PhysicsEngine.cpp VisualDebugger.cpp "Tutorial 3.cpp"
         Tutorial 3.cpp
     1>e:\yr3\physics\physx tutorials\physx tutorials(ross)\tutorial 3\basicactors.h(81): warning C4305: 'argument': truncation from 'double' to 'physx::PxReal'
     1>e:\yr3\physics\physx tutorials\physx tutorials(ross)\tutorial 3\basicactors.h(83): warning C4305: 'argument': truncation from 'double' to 'physx::PxReal'
     1>e:\yr3\physics\physx tutorials\physx tutorials(ross)\tutorial 3\myphysicsengine.h(315): warning C4305: 'argument': truncation from 'double' to 'physx::PxReal'
     1>e:\yr3\physics\physx tutorials\physx tutorials(ross)\tutorial 3\myphysicsengine.h(336): warning C4305: 'argument': truncation from 'double' to 'physx::PxReal'
     1>e:\yr3\physics\physx tutorials\physx tutorials(ross)\tutorial 3\myphysicsengine.h(342): warning C4305: 'argument': truncation from 'double' to 'physx::PxReal'
     1>e:\yr3\physics\physx tutorials\physx tutorials(ross)\tutorial 3\myphysicsengine.h(348): warning C4305: 'argument': truncation from 'double' to 'physx::PxReal'
     1>e:\yr3\physics\physx tutorials\physx tutorials(ross)\tutorial 3\myphysicsengine.h(354): warning C4305: 'argument': truncation from 'double' to 'physx::PxReal'
     1>e:\yr3\physics\physx tutorials\physx tutorials(ross)\tutorial 3\myphysicsengine.h(390): warning C4305: 'argument': truncation from 'double' to 'physx::PxReal'
         VisualDebugger.cpp
     1>e:\yr3\physics\physx tutorials\physx tutorials(ross)\tutorial 3\basicactors.h(81): warning C4305: 'argument': truncation from 'double' to 'physx::PxReal'
     1>e:\yr3\physics\physx tutorials\physx tutorials(ross)\tutorial 3\basicactors.h(83): warning C4305: 'argument': truncation from 'double' to 'physx::PxReal'
     1>e:\yr3\physics\physx tutorials\physx tutorials(ross)\tutorial 3\myphysicsengine.h(315): warning C4305: 'argument': truncation from 'double' to 'physx::PxReal'
     1>e:\yr3\physics\physx tutorials\physx tutorials(ross)\tutorial 3\myphysicsengine.h(336): warning C4305: 'argument': truncation from 'double' to 'physx::PxReal'
     1>e:\yr3\physics\physx tutorials\physx tutorials(ross)\tutorial 3\myphysicsengine.h(342): warning C4305: 'argument': truncation from 'double' to 'physx::PxReal'
     1>e:\yr3\physics\physx tutorials\physx tutorials(ross)\tutorial 3\myphysicsengine.h(348): warning C4305: 'argument': truncation from 'double' to 'physx::PxReal'
     1>e:\yr3\physics\physx tutorials\physx tutorials(ross)\tutorial 3\myphysicsengine.h(354): warning C4305: 'argument': truncation from 'double' to 'physx::PxReal'
     1>e:\yr3\physics\physx tutorials\physx tutorials(ross)\tutorial 3\myphysicsengine.h(390): warning C4305: 'argument': truncation from 'double' to 'physx::PxReal'
         PhysicsEngine.cpp
         Renderer.cpp
         GLFontRenderer.cpp
         Camera.cpp
         Generating Code...
       Link:
         C:\Program Files (x86)\Microsoft Visual Studio 14.0\VC\bin\link.exe /ERRORREPORT:PROMPT /OUT:"E:\Yr3\Physics\PhysX Tutorials\PhysX Tutorials(Ross)\Tutorial 3\Debug\Tutorial 3.exe" /INCREMENTAL /NOLOGO /LIBPATH:"C:\Program Files (x86)\NVIDIA Corporation\NVIDIA PhysX SDK\3.3.4\lib\vc14win32" /LIBPATH:.\Graphics\lib\win32\glut PhysX3CommonDEBUG_x86.lib PhysX3ExtensionsDEBUG.lib PhysXVisualDebuggerSDKDEBUG.lib PhysX3DEBUG_x86.lib PhysX3CookingDEBUG_x86.lib glut32.lib kernel32.lib user32.lib gdi32.lib winspool.lib comdlg32.lib advapi32.lib shell32.lib ole32.lib oleaut32.lib uuid.lib odbc32.lib odbccp32.lib /MANIFEST /MANIFESTUAC:"level='asInvoker' uiAccess='false'" /manifest:embed /DEBUG:FASTLINK /PDB:"E:\Yr3\Physics\PhysX Tutorials\PhysX Tutorials(Ross)\Tutorial 3\Debug\Tutorial 3.pdb" /TLBID:1 /DYNAMICBASE /NXCOMPAT /IMPLIB:"E:\Yr3\Physics\PhysX Tutorials\PhysX Tutorials(Ross)\Tutorial 3\Debug\Tutorial 3.lib" /MACHINE:X86 Debug\Camera.obj
         Debug\GLFontRenderer.obj
         Debug\Renderer.obj
         Debug\PhysicsEngine.obj
         Debug\VisualDebugger.obj
         "Debug\Tutorial 3.obj"
         LINK : E:\Yr3\Physics\PhysX Tutorials\PhysX Tutorials(Ross)\Tutorial 3\Debug\Tutorial 3.exe not found or not built by the last incremental link; performing full link
         Tutorial 3.vcxproj -> E:\Yr3\Physics\PhysX Tutorials\PhysX Tutorials(Ross)\Tutorial 3\Debug\Tutorial 3.exe
     1>Done Building Project "E:\Yr3\Physics\PhysX Tutorials\PhysX Tutorials(Ross)\Tutorial 3\Tutorial 3.vcxproj" (Build target(s)).

Build succeeded.

Time Elapsed 00:00:32.83
